<?xml version="1.0" encoding="UTF-8"?>
<testsuite xmlns:xsi="http://www.w3.org/2001/XMLSchema-instance" xsi:noNamespaceSchemaLocation="https://maven.apache.org/surefire/maven-surefire-plugin/xsd/surefire-test-report.xsd" name="com.project2.backendproject.ForumDaoTest" time="0" tests="1" errors="0" skipped="1" failures="0">
  <properties>
    <property name="sun.desktop" value="windows"/>
    <property name="awt.toolkit" value="sun.awt.windows.WToolkit"/>
    <property name="file.encoding.pkg" value="sun.io"/>
    <property name="java.specification.version" value="1.8"/>
    <property name="sun.cpu.isalist" value="amd64"/>
    <property name="sun.jnu.encoding" value="Cp1252"/>
    <property name="java.class.path" value="F:\DTProject\backendproject2\target\test-classes;F:\DTProject\backendproject2\target\classes;C:\Users\animesh sharma\.m2\repository\com\oracle\ojdbc6\11\ojdbc6-11.jar;C:\Users\animesh sharma\.m2\repository\commons-pool\commons-pool\1.5.4\commons-pool-1.5.4.jar;C:\Users\animesh sharma\.m2\repository\commons-dbcp\commons-dbcp\1.4\commons-dbcp-1.4.jar;C:\Users\animesh sharma\.m2\repository\dom4j\dom4j\1.6.1\dom4j-1.6.1.jar;C:\Users\animesh sharma\.m2\repository\xml-apis\xml-apis\1.0.b2\xml-apis-1.0.b2.jar;C:\Users\animesh sharma\.m2\repository\org\hibernate\common\hibernate-commons-annotations\4.0.5.Final\hibernate-commons-annotations-4.0.5.Final.jar;C:\Users\animesh sharma\.m2\repository\org\hibernate\hibernate-core\4.3.11.Final\hibernate-core-4.3.11.Final.jar;C:\Users\animesh sharma\.m2\repository\antlr\antlr\2.7.7\antlr-2.7.7.jar;C:\Users\animesh sharma\.m2\repository\org\jboss\jandex\1.1.0.Final\jandex-1.1.0.Final.jar;C:\Users\animesh sharma\.m2\repository\org\hibernate\hibernate-entitymanager\4.3.11.Final\hibernate-entitymanager-4.3.11.Final.jar;C:\Users\animesh sharma\.m2\repository\org\hibernate\javax\persistence\hibernate-jpa-2.1-api\1.0.0.Final\hibernate-jpa-2.1-api-1.0.0.Final.jar;C:\Users\animesh sharma\.m2\repository\org\hibernate\hibernate-validator\5.2.4.Final\hibernate-validator-5.2.4.Final.jar;C:\Users\animesh sharma\.m2\repository\javax\validation\validation-api\1.1.0.Final\validation-api-1.1.0.Final.jar;C:\Users\animesh sharma\.m2\repository\com\fasterxml\classmate\1.1.0\classmate-1.1.0.jar;C:\Users\animesh sharma\.m2\repository\com\fasterxml\jackson\core\jackson-annotations\2.6.0\jackson-annotations-2.6.0.jar;C:\Users\animesh sharma\.m2\repository\com\fasterxml\jackson\core\jackson-core\2.6.5\jackson-core-2.6.5.jar;C:\Users\animesh sharma\.m2\repository\com\fasterxml\jackson\core\jackson-databind\2.6.5\jackson-databind-2.6.5.jar;C:\Users\animesh sharma\.m2\repository\junit\junit\4.12\junit-4.12.jar;C:\Users\animesh sharma\.m2\repository\org\hamcrest\hamcrest-core\1.3\hamcrest-core-1.3.jar;C:\Users\animesh sharma\.m2\repository\org\javassist\javassist\3.18.1-GA\javassist-3.18.1-GA.jar;C:\Users\animesh sharma\.m2\repository\javax\transaction\javax.transaction-api\1.2\javax.transaction-api-1.2.jar;C:\Users\animesh sharma\.m2\repository\org\jboss\logging\jboss-logging\3.2.1.Final\jboss-logging-3.2.1.Final.jar;C:\Users\animesh sharma\.m2\repository\org\jboss\logging\jboss-logging-annotations\1.2.0.Beta1\jboss-logging-annotations-1.2.0.Beta1.jar;C:\Users\animesh sharma\.m2\repository\org\jboss\spec\javax\transaction\jboss-transaction-api_1.2_spec\1.0.0.Final\jboss-transaction-api_1.2_spec-1.0.0.Final.jar;C:\Users\animesh sharma\.m2\repository\org\slf4j\slf4j-api\1.7.16\slf4j-api-1.7.16.jar;C:\Users\animesh sharma\.m2\repository\org\springframework\spring-aop\4.3.5.RELEASE\spring-aop-4.3.5.RELEASE.jar;C:\Users\animesh sharma\.m2\repository\org\springframework\spring-aspects\4.3.5.RELEASE\spring-aspects-4.3.5.RELEASE.jar;C:\Users\animesh sharma\.m2\repository\org\aspectj\aspectjweaver\1.8.9\aspectjweaver-1.8.9.jar;C:\Users\animesh sharma\.m2\repository\org\springframework\spring-beans\4.3.5.RELEASE\spring-beans-4.3.5.RELEASE.jar;C:\Users\animesh sharma\.m2\repository\org\springframework\spring-context\4.3.5.RELEASE\spring-context-4.3.5.RELEASE.jar;C:\Users\animesh sharma\.m2\repository\org\springframework\spring-core\4.3.5.RELEASE\spring-core-4.3.5.RELEASE.jar;C:\Users\animesh sharma\.m2\repository\commons-logging\commons-logging\1.2\commons-logging-1.2.jar;C:\Users\animesh sharma\.m2\repository\org\springframework\data\spring-data-commons\1.11.4.RELEASE\spring-data-commons-1.11.4.RELEASE.jar;C:\Users\animesh sharma\.m2\repository\org\slf4j\jcl-over-slf4j\1.7.13\jcl-over-slf4j-1.7.13.jar;C:\Users\animesh sharma\.m2\repository\org\springframework\data\spring-data-jpa\1.9.4.RELEASE\spring-data-jpa-1.9.4.RELEASE.jar;C:\Users\animesh sharma\.m2\repository\org\aspectj\aspectjrt\1.8.7\aspectjrt-1.8.7.jar;C:\Users\animesh sharma\.m2\repository\org\springframework\spring-expression\4.3.5.RELEASE\spring-expression-4.3.5.RELEASE.jar;C:\Users\animesh sharma\.m2\repository\org\springframework\spring-jdbc\4.3.5.RELEASE\spring-jdbc-4.3.5.RELEASE.jar;C:\Users\animesh sharma\.m2\repository\org\springframework\spring-orm\4.3.5.RELEASE\spring-orm-4.3.5.RELEASE.jar;C:\Users\animesh sharma\.m2\repository\org\springframework\spring-tx\4.3.5.RELEASE\spring-tx-4.3.5.RELEASE.jar;C:\Users\animesh sharma\.m2\repository\org\springframework\spring-web\4.3.5.RELEASE\spring-web-4.3.5.RELEASE.jar;C:\Users\animesh sharma\.m2\repository\org\springframework\spring-webmvc\4.3.5.RELEASE\spring-webmvc-4.3.5.RELEASE.jar;C:\Users\animesh sharma\.m2\repository\commons-fileupload\commons-fileupload\1.3.1\commons-fileupload-1.3.1.jar;C:\Users\animesh sharma\.m2\repository\commons-io\commons-io\2.2\commons-io-2.2.jar;C:\Users\animesh sharma\.m2\repository\javax\servlet\javax.servlet-api\3.1.0\javax.servlet-api-3.1.0.jar;C:\Users\animesh sharma\.m2\repository\org\springframework\spring-websocket\4.0.0.RELEASE\spring-websocket-4.0.0.RELEASE.jar;C:\Users\animesh sharma\.m2\repository\org\springframework\spring-messaging\4.0.0.RELEASE\spring-messaging-4.0.0.RELEASE.jar;C:\Users\animesh sharma\.m2\repository\javax\websocket\javax.websocket-api\1.1\javax.websocket-api-1.1.jar;C:\Users\animesh sharma\.m2\repository\org\webjars\npm\sockjs\0.3.16\sockjs-0.3.16.jar;C:\Users\animesh sharma\.m2\repository\org\webjars\npm\faye-websocket\0.10.0\faye-websocket-0.10.0.jar;C:\Users\animesh sharma\.m2\repository\org\webjars\npm\websocket-driver\0.7.0\websocket-driver-0.7.0.jar;C:\Users\animesh sharma\.m2\repository\org\webjars\npm\http-parser-js\0.5.0\http-parser-js-0.5.0.jar;C:\Users\animesh sharma\.m2\repository\org\webjars\npm\websocket-extensions\0.1.3\websocket-extensions-0.1.3.jar;C:\Users\animesh sharma\.m2\repository\org\webjars\npm\node-uuid\1.4.8\node-uuid-1.4.8.jar;C:\Users\animesh sharma\.m2\repository\org\webjars\bower\stomp-websocket\2.3.4\stomp-websocket-2.3.4.jar;C:\Users\animesh sharma\.m2\repository\org\webjars\bower\angular\1.3.8\angular-1.3.8.jar;"/>
    <property name="java.vm.vendor" value="Oracle Corporation"/>
    <property name="sun.arch.data.model" value="64"/>
    <property name="user.variant" value=""/>
    <property name="java.vendor.url" value="http://java.oracle.com/"/>
    <property name="user.timezone" value=""/>
    <property name="java.vm.specification.version" value="1.8"/>
    <property name="os.name" value="Windows 10"/>
    <property name="user.country" value="US"/>
    <property name="sun.java.launcher" value="SUN_STANDARD"/>
    <property name="sun.boot.library.path" value="C:\Program Files\Java\jdk1.8.0_161\jre\bin"/>
    <property name="sun.java.command" value="C:\Users\ANIMES~1\AppData\Local\Temp\surefire8938809289070245459\surefirebooter2920899862211123674.jar C:\Users\animesh sharma\AppData\Local\Temp\surefire8938809289070245459 2019-01-16T13-02-07_295-jvmRun1 surefire546271693957233853tmp surefire_03938503372887176861tmp"/>
    <property name="surefire.test.class.path" value="F:\DTProject\backendproject2\target\test-classes;F:\DTProject\backendproject2\target\classes;C:\Users\animesh sharma\.m2\repository\com\oracle\ojdbc6\11\ojdbc6-11.jar;C:\Users\animesh sharma\.m2\repository\commons-pool\commons-pool\1.5.4\commons-pool-1.5.4.jar;C:\Users\animesh sharma\.m2\repository\commons-dbcp\commons-dbcp\1.4\commons-dbcp-1.4.jar;C:\Users\animesh sharma\.m2\repository\dom4j\dom4j\1.6.1\dom4j-1.6.1.jar;C:\Users\animesh sharma\.m2\repository\xml-apis\xml-apis\1.0.b2\xml-apis-1.0.b2.jar;C:\Users\animesh sharma\.m2\repository\org\hibernate\common\hibernate-commons-annotations\4.0.5.Final\hibernate-commons-annotations-4.0.5.Final.jar;C:\Users\animesh sharma\.m2\repository\org\hibernate\hibernate-core\4.3.11.Final\hibernate-core-4.3.11.Final.jar;C:\Users\animesh sharma\.m2\repository\antlr\antlr\2.7.7\antlr-2.7.7.jar;C:\Users\animesh sharma\.m2\repository\org\jboss\jandex\1.1.0.Final\jandex-1.1.0.Final.jar;C:\Users\animesh sharma\.m2\repository\org\hibernate\hibernate-entitymanager\4.3.11.Final\hibernate-entitymanager-4.3.11.Final.jar;C:\Users\animesh sharma\.m2\repository\org\hibernate\javax\persistence\hibernate-jpa-2.1-api\1.0.0.Final\hibernate-jpa-2.1-api-1.0.0.Final.jar;C:\Users\animesh sharma\.m2\repository\org\hibernate\hibernate-validator\5.2.4.Final\hibernate-validator-5.2.4.Final.jar;C:\Users\animesh sharma\.m2\repository\javax\validation\validation-api\1.1.0.Final\validation-api-1.1.0.Final.jar;C:\Users\animesh sharma\.m2\repository\com\fasterxml\classmate\1.1.0\classmate-1.1.0.jar;C:\Users\animesh sharma\.m2\repository\com\fasterxml\jackson\core\jackson-annotations\2.6.0\jackson-annotations-2.6.0.jar;C:\Users\animesh sharma\.m2\repository\com\fasterxml\jackson\core\jackson-core\2.6.5\jackson-core-2.6.5.jar;C:\Users\animesh sharma\.m2\repository\com\fasterxml\jackson\core\jackson-databind\2.6.5\jackson-databind-2.6.5.jar;C:\Users\animesh sharma\.m2\repository\junit\junit\4.12\junit-4.12.jar;C:\Users\animesh sharma\.m2\repository\org\hamcrest\hamcrest-core\1.3\hamcrest-core-1.3.jar;C:\Users\animesh sharma\.m2\repository\org\javassist\javassist\3.18.1-GA\javassist-3.18.1-GA.jar;C:\Users\animesh sharma\.m2\repository\javax\transaction\javax.transaction-api\1.2\javax.transaction-api-1.2.jar;C:\Users\animesh sharma\.m2\repository\org\jboss\logging\jboss-logging\3.2.1.Final\jboss-logging-3.2.1.Final.jar;C:\Users\animesh sharma\.m2\repository\org\jboss\logging\jboss-logging-annotations\1.2.0.Beta1\jboss-logging-annotations-1.2.0.Beta1.jar;C:\Users\animesh sharma\.m2\repository\org\jboss\spec\javax\transaction\jboss-transaction-api_1.2_spec\1.0.0.Final\jboss-transaction-api_1.2_spec-1.0.0.Final.jar;C:\Users\animesh sharma\.m2\repository\org\slf4j\slf4j-api\1.7.16\slf4j-api-1.7.16.jar;C:\Users\animesh sharma\.m2\repository\org\springframework\spring-aop\4.3.5.RELEASE\spring-aop-4.3.5.RELEASE.jar;C:\Users\animesh sharma\.m2\repository\org\springframework\spring-aspects\4.3.5.RELEASE\spring-aspects-4.3.5.RELEASE.jar;C:\Users\animesh sharma\.m2\repository\org\aspectj\aspectjweaver\1.8.9\aspectjweaver-1.8.9.jar;C:\Users\animesh sharma\.m2\repository\org\springframework\spring-beans\4.3.5.RELEASE\spring-beans-4.3.5.RELEASE.jar;C:\Users\animesh sharma\.m2\repository\org\springframework\spring-context\4.3.5.RELEASE\spring-context-4.3.5.RELEASE.jar;C:\Users\animesh sharma\.m2\repository\org\springframework\spring-core\4.3.5.RELEASE\spring-core-4.3.5.RELEASE.jar;C:\Users\animesh sharma\.m2\repository\commons-logging\commons-logging\1.2\commons-logging-1.2.jar;C:\Users\animesh sharma\.m2\repository\org\springframework\data\spring-data-commons\1.11.4.RELEASE\spring-data-commons-1.11.4.RELEASE.jar;C:\Users\animesh sharma\.m2\repository\org\slf4j\jcl-over-slf4j\1.7.13\jcl-over-slf4j-1.7.13.jar;C:\Users\animesh sharma\.m2\repository\org\springframework\data\spring-data-jpa\1.9.4.RELEASE\spring-data-jpa-1.9.4.RELEASE.jar;C:\Users\animesh sharma\.m2\repository\org\aspectj\aspectjrt\1.8.7\aspectjrt-1.8.7.jar;C:\Users\animesh sharma\.m2\repository\org\springframework\spring-expression\4.3.5.RELEASE\spring-expression-4.3.5.RELEASE.jar;C:\Users\animesh sharma\.m2\repository\org\springframework\spring-jdbc\4.3.5.RELEASE\spring-jdbc-4.3.5.RELEASE.jar;C:\Users\animesh sharma\.m2\repository\org\springframework\spring-orm\4.3.5.RELEASE\spring-orm-4.3.5.RELEASE.jar;C:\Users\animesh sharma\.m2\repository\org\springframework\spring-tx\4.3.5.RELEASE\spring-tx-4.3.5.RELEASE.jar;C:\Users\animesh sharma\.m2\repository\org\springframework\spring-web\4.3.5.RELEASE\spring-web-4.3.5.RELEASE.jar;C:\Users\animesh sharma\.m2\repository\org\springframework\spring-webmvc\4.3.5.RELEASE\spring-webmvc-4.3.5.RELEASE.jar;C:\Users\animesh sharma\.m2\repository\commons-fileupload\commons-fileupload\1.3.1\commons-fileupload-1.3.1.jar;C:\Users\animesh sharma\.m2\repository\commons-io\commons-io\2.2\commons-io-2.2.jar;C:\Users\animesh sharma\.m2\repository\javax\servlet\javax.servlet-api\3.1.0\javax.servlet-api-3.1.0.jar;C:\Users\animesh sharma\.m2\repository\org\springframework\spring-websocket\4.0.0.RELEASE\spring-websocket-4.0.0.RELEASE.jar;C:\Users\animesh sharma\.m2\repository\org\springframework\spring-messaging\4.0.0.RELEASE\spring-messaging-4.0.0.RELEASE.jar;C:\Users\animesh sharma\.m2\repository\javax\websocket\javax.websocket-api\1.1\javax.websocket-api-1.1.jar;C:\Users\animesh sharma\.m2\repository\org\webjars\npm\sockjs\0.3.16\sockjs-0.3.16.jar;C:\Users\animesh sharma\.m2\repository\org\webjars\npm\faye-websocket\0.10.0\faye-websocket-0.10.0.jar;C:\Users\animesh sharma\.m2\repository\org\webjars\npm\websocket-driver\0.7.0\websocket-driver-0.7.0.jar;C:\Users\animesh sharma\.m2\repository\org\webjars\npm\http-parser-js\0.5.0\http-parser-js-0.5.0.jar;C:\Users\animesh sharma\.m2\repository\org\webjars\npm\websocket-extensions\0.1.3\websocket-extensions-0.1.3.jar;C:\Users\animesh sharma\.m2\repository\org\webjars\npm\node-uuid\1.4.8\node-uuid-1.4.8.jar;C:\Users\animesh sharma\.m2\repository\org\webjars\bower\stomp-websocket\2.3.4\stomp-websocket-2.3.4.jar;C:\Users\animesh sharma\.m2\repository\org\webjars\bower\angular\1.3.8\angular-1.3.8.jar;"/>
    <property name="sun.cpu.endian" value="little"/>
    <property name="user.home" value="C:\Users\animesh sharma"/>
    <property name="user.language" value="en"/>
    <property name="java.specification.vendor" value="Oracle Corporation"/>
    <property name="java.home" value="C:\Program Files\Java\jdk1.8.0_161\jre"/>
    <property name="basedir" value="F:\DTProject\backendproject2"/>
    <property name="file.separator" value="\"/>
    <property name="line.separator" value="&#10;"/>
    <property name="java.vm.specification.vendor" value="Oracle Corporation"/>
    <property name="java.specification.name" value="Java Platform API Specification"/>
    <property name="java.awt.graphicsenv" value="sun.awt.Win32GraphicsEnvironment"/>
    <property name="surefire.real.class.path" value="C:\Users\ANIMES~1\AppData\Local\Temp\surefire8938809289070245459\surefirebooter2920899862211123674.jar"/>
    <property name="sun.boot.class.path" value="C:\Program Files\Java\jdk1.8.0_161\jre\lib\resources.jar;C:\Program Files\Java\jdk1.8.0_161\jre\lib\rt.jar;C:\Program Files\Java\jdk1.8.0_161\jre\lib\sunrsasign.jar;C:\Program Files\Java\jdk1.8.0_161\jre\lib\jsse.jar;C:\Program Files\Java\jdk1.8.0_161\jre\lib\jce.jar;C:\Program Files\Java\jdk1.8.0_161\jre\lib\charsets.jar;C:\Program Files\Java\jdk1.8.0_161\jre\lib\jfr.jar;C:\Program Files\Java\jdk1.8.0_161\jre\classes"/>
    <property name="user.script" value=""/>
    <property name="sun.management.compiler" value="HotSpot 64-Bit Tiered Compilers"/>
    <property name="java.runtime.version" value="1.8.0_161-b12"/>
    <property name="user.name" value="animesh sharma"/>
    <property name="path.separator" value=";"/>
    <property name="os.version" value="10.0"/>
    <property name="java.endorsed.dirs" value="C:\Program Files\Java\jdk1.8.0_161\jre\lib\endorsed"/>
    <property name="java.runtime.name" value="Java(TM) SE Runtime Environment"/>
    <property name="file.encoding" value="Cp1252"/>
    <property name="java.vm.name" value="Java HotSpot(TM) 64-Bit Server VM"/>
    <property name="localRepository" value="C:\Users\animesh sharma\.m2\repository"/>
    <property name="java.vendor.url.bug" value="http://bugreport.sun.com/bugreport/"/>
    <property name="java.io.tmpdir" value="C:\Users\ANIMES~1\AppData\Local\Temp\"/>
    <property name="java.version" value="1.8.0_161"/>
    <property name="user.dir" value="F:\DTProject\backendproject2"/>
    <property name="os.arch" value="amd64"/>
    <property name="java.vm.specification.name" value="Java Virtual Machine Specification"/>
    <property name="java.awt.printerjob" value="sun.awt.windows.WPrinterJob"/>
    <property name="sun.os.patch.level" value=""/>
    <property name="java.library.path" value="C:\Program Files\Java\jdk1.8.0_161\jre\bin;C:\WINDOWS\Sun\Java\bin;C:\WINDOWS\system32;C:\WINDOWS;C:/Program Files/Java/jre1.8.0_161/bin/server;C:/Program Files/Java/jre1.8.0_161/bin;C:/Program Files/Java/jre1.8.0_161/lib/amd64;C:\oraclexe\app\oracle\product\11.2.0\server\bin;;C:\ProgramData\Oracle\Java\javapath;C:\oraclexe\app\oracle\product\11.2.0\server\bin;C:\Program Files\Java\jdk1.8.0_161\bin;C:\Program Files (x86)\Intel\iCLS Client\;C:\Program Files\Intel\iCLS Client\;C:\WINDOWS\system32;C:\WINDOWS;C:\WINDOWS\System32\Wbem;C:\WINDOWS\System32\WindowsPowerShell\v1.0\;C:\Program Files (x86)\Intel\Intel(R) Management Engine Components\DAL;C:\Program Files\Intel\Intel(R) Management Engine Components\DAL;C:\Program Files (x86)\Intel\Intel(R) Management Engine Components\IPT;C:\Program Files\Intel\Intel(R) Management Engine Components\IPT;C:\WINDOWS\System32\OpenSSH\;C:\Users\animesh sharma\AppData\Local\Microsoft\WindowsApps;F:\apache-maven-3.6.0\bin;C:\Program Files\Java\jdk1.8.0_161\bin;;C:\Users\animesh sharma\Desktop\eclipse-jee-luna-R-win32-x86_64\eclipse;;."/>
    <property name="java.vm.info" value="mixed mode"/>
    <property name="java.vendor" value="Oracle Corporation"/>
    <property name="java.vm.version" value="25.161-b12"/>
    <property name="java.ext.dirs" value="C:\Program Files\Java\jdk1.8.0_161\jre\lib\ext;C:\WINDOWS\Sun\Java\lib\ext"/>
    <property name="sun.io.unicode.encoding" value="UnicodeLittle"/>
    <property name="java.class.version" value="52.0"/>
  </properties>
  <testcase name="addForumDaoTest" classname="com.project2.backendproject.ForumDaoTest" time="0">
    <skipped/>
  </testcase>
</testsuite>